<?xml version="1.0" encoding="UTF-8"?>
<testsuite xmlns:xsi="http://www.w3.org/2001/XMLSchema-instance" xsi:noNamespaceSchemaLocation="https://maven.apache.org/surefire/maven-surefire-plugin/xsd/surefire-test-report-3.0.xsd" version="3.0" name="com.stu_management.StuManagementApplicationTests" time="4.475" tests="1" errors="0" skipped="0" failures="0">
  <properties>
    <property name="socksProxyHost" value="127.0.0.1"/>
    <property name="http.proxyHost" value="127.0.0.1"/>
    <property name="java.specification.version" value="17"/>
    <property name="sun.jnu.encoding" value="UTF-8"/>
    <property name="java.class.path" value="/Users/mac/Desktop/Java/java-projects/stu_management/target/test-classes:/Users/mac/Desktop/Java/java-projects/stu_management/target/classes:/usr/local/apache-maven/apache-maven-3.9.7/repo/org/springframework/boot/spring-boot-starter-web/3.2.7/spring-boot-starter-web-3.2.7.jar:/usr/local/apache-maven/apache-maven-3.9.7/repo/org/springframework/boot/spring-boot-starter/3.2.7/spring-boot-starter-3.2.7.jar:/usr/local/apache-maven/apache-maven-3.9.7/repo/org/springframework/boot/spring-boot/3.2.7/spring-boot-3.2.7.jar:/usr/local/apache-maven/apache-maven-3.9.7/repo/org/springframework/boot/spring-boot-starter-logging/3.2.7/spring-boot-starter-logging-3.2.7.jar:/usr/local/apache-maven/apache-maven-3.9.7/repo/ch/qos/logback/logback-classic/1.4.14/logback-classic-1.4.14.jar:/usr/local/apache-maven/apache-maven-3.9.7/repo/ch/qos/logback/logback-core/1.4.14/logback-core-1.4.14.jar:/usr/local/apache-maven/apache-maven-3.9.7/repo/org/apache/logging/log4j/log4j-to-slf4j/2.21.1/log4j-to-slf4j-2.21.1.jar:/usr/local/apache-maven/apache-maven-3.9.7/repo/org/apache/logging/log4j/log4j-api/2.21.1/log4j-api-2.21.1.jar:/usr/local/apache-maven/apache-maven-3.9.7/repo/org/slf4j/jul-to-slf4j/2.0.13/jul-to-slf4j-2.0.13.jar:/usr/local/apache-maven/apache-maven-3.9.7/repo/jakarta/annotation/jakarta.annotation-api/2.1.1/jakarta.annotation-api-2.1.1.jar:/usr/local/apache-maven/apache-maven-3.9.7/repo/org/yaml/snakeyaml/2.2/snakeyaml-2.2.jar:/usr/local/apache-maven/apache-maven-3.9.7/repo/org/springframework/boot/spring-boot-starter-json/3.2.7/spring-boot-starter-json-3.2.7.jar:/usr/local/apache-maven/apache-maven-3.9.7/repo/com/fasterxml/jackson/core/jackson-databind/2.15.4/jackson-databind-2.15.4.jar:/usr/local/apache-maven/apache-maven-3.9.7/repo/com/fasterxml/jackson/core/jackson-annotations/2.15.4/jackson-annotations-2.15.4.jar:/usr/local/apache-maven/apache-maven-3.9.7/repo/com/fasterxml/jackson/core/jackson-core/2.15.4/jackson-core-2.15.4.jar:/usr/local/apache-maven/apache-maven-3.9.7/repo/com/fasterxml/jackson/datatype/jackson-datatype-jdk8/2.15.4/jackson-datatype-jdk8-2.15.4.jar:/usr/local/apache-maven/apache-maven-3.9.7/repo/com/fasterxml/jackson/datatype/jackson-datatype-jsr310/2.15.4/jackson-datatype-jsr310-2.15.4.jar:/usr/local/apache-maven/apache-maven-3.9.7/repo/com/fasterxml/jackson/module/jackson-module-parameter-names/2.15.4/jackson-module-parameter-names-2.15.4.jar:/usr/local/apache-maven/apache-maven-3.9.7/repo/org/springframework/boot/spring-boot-starter-tomcat/3.2.7/spring-boot-starter-tomcat-3.2.7.jar:/usr/local/apache-maven/apache-maven-3.9.7/repo/org/apache/tomcat/embed/tomcat-embed-core/10.1.25/tomcat-embed-core-10.1.25.jar:/usr/local/apache-maven/apache-maven-3.9.7/repo/org/apache/tomcat/embed/tomcat-embed-el/10.1.25/tomcat-embed-el-10.1.25.jar:/usr/local/apache-maven/apache-maven-3.9.7/repo/org/apache/tomcat/embed/tomcat-embed-websocket/10.1.25/tomcat-embed-websocket-10.1.25.jar:/usr/local/apache-maven/apache-maven-3.9.7/repo/org/springframework/spring-web/6.1.10/spring-web-6.1.10.jar:/usr/local/apache-maven/apache-maven-3.9.7/repo/org/springframework/spring-beans/6.1.10/spring-beans-6.1.10.jar:/usr/local/apache-maven/apache-maven-3.9.7/repo/io/micrometer/micrometer-observation/1.12.7/micrometer-observation-1.12.7.jar:/usr/local/apache-maven/apache-maven-3.9.7/repo/io/micrometer/micrometer-commons/1.12.7/micrometer-commons-1.12.7.jar:/usr/local/apache-maven/apache-maven-3.9.7/repo/org/springframework/spring-webmvc/6.1.10/spring-webmvc-6.1.10.jar:/usr/local/apache-maven/apache-maven-3.9.7/repo/org/springframework/spring-aop/6.1.10/spring-aop-6.1.10.jar:/usr/local/apache-maven/apache-maven-3.9.7/repo/org/springframework/spring-context/6.1.10/spring-context-6.1.10.jar:/usr/local/apache-maven/apache-maven-3.9.7/repo/org/springframework/spring-expression/6.1.10/spring-expression-6.1.10.jar:/usr/local/apache-maven/apache-maven-3.9.7/repo/org/springframework/boot/spring-boot-starter-test/3.2.7/spring-boot-starter-test-3.2.7.jar:/usr/local/apache-maven/apache-maven-3.9.7/repo/org/springframework/boot/spring-boot-test/3.2.7/spring-boot-test-3.2.7.jar:/usr/local/apache-maven/apache-maven-3.9.7/repo/org/springframework/boot/spring-boot-test-autoconfigure/3.2.7/spring-boot-test-autoconfigure-3.2.7.jar:/usr/local/apache-maven/apache-maven-3.9.7/repo/com/jayway/jsonpath/json-path/2.9.0/json-path-2.9.0.jar:/usr/local/apache-maven/apache-maven-3.9.7/repo/org/slf4j/slf4j-api/2.0.13/slf4j-api-2.0.13.jar:/usr/local/apache-maven/apache-maven-3.9.7/repo/jakarta/xml/bind/jakarta.xml.bind-api/4.0.2/jakarta.xml.bind-api-4.0.2.jar:/usr/local/apache-maven/apache-maven-3.9.7/repo/jakarta/activation/jakarta.activation-api/2.1.3/jakarta.activation-api-2.1.3.jar:/usr/local/apache-maven/apache-maven-3.9.7/repo/net/minidev/json-smart/2.5.1/json-smart-2.5.1.jar:/usr/local/apache-maven/apache-maven-3.9.7/repo/net/minidev/accessors-smart/2.5.1/accessors-smart-2.5.1.jar:/usr/local/apache-maven/apache-maven-3.9.7/repo/org/ow2/asm/asm/9.6/asm-9.6.jar:/usr/local/apache-maven/apache-maven-3.9.7/repo/org/assertj/assertj-core/3.24.2/assertj-core-3.24.2.jar:/usr/local/apache-maven/apache-maven-3.9.7/repo/net/bytebuddy/byte-buddy/1.14.17/byte-buddy-1.14.17.jar:/usr/local/apache-maven/apache-maven-3.9.7/repo/org/awaitility/awaitility/4.2.1/awaitility-4.2.1.jar:/usr/local/apache-maven/apache-maven-3.9.7/repo/org/hamcrest/hamcrest/2.2/hamcrest-2.2.jar:/usr/local/apache-maven/apache-maven-3.9.7/repo/org/junit/jupiter/junit-jupiter/5.10.2/junit-jupiter-5.10.2.jar:/usr/local/apache-maven/apache-maven-3.9.7/repo/org/junit/jupiter/junit-jupiter-api/5.10.2/junit-jupiter-api-5.10.2.jar:/usr/local/apache-maven/apache-maven-3.9.7/repo/org/opentest4j/opentest4j/1.3.0/opentest4j-1.3.0.jar:/usr/local/apache-maven/apache-maven-3.9.7/repo/org/junit/platform/junit-platform-commons/1.10.2/junit-platform-commons-1.10.2.jar:/usr/local/apache-maven/apache-maven-3.9.7/repo/org/apiguardian/apiguardian-api/1.1.2/apiguardian-api-1.1.2.jar:/usr/local/apache-maven/apache-maven-3.9.7/repo/org/junit/jupiter/junit-jupiter-params/5.10.2/junit-jupiter-params-5.10.2.jar:/usr/local/apache-maven/apache-maven-3.9.7/repo/org/junit/jupiter/junit-jupiter-engine/5.10.2/junit-jupiter-engine-5.10.2.jar:/usr/local/apache-maven/apache-maven-3.9.7/repo/org/junit/platform/junit-platform-engine/1.10.2/junit-platform-engine-1.10.2.jar:/usr/local/apache-maven/apache-maven-3.9.7/repo/org/mockito/mockito-core/5.7.0/mockito-core-5.7.0.jar:/usr/local/apache-maven/apache-maven-3.9.7/repo/net/bytebuddy/byte-buddy-agent/1.14.17/byte-buddy-agent-1.14.17.jar:/usr/local/apache-maven/apache-maven-3.9.7/repo/org/objenesis/objenesis/3.3/objenesis-3.3.jar:/usr/local/apache-maven/apache-maven-3.9.7/repo/org/mockito/mockito-junit-jupiter/5.7.0/mockito-junit-jupiter-5.7.0.jar:/usr/local/apache-maven/apache-maven-3.9.7/repo/org/skyscreamer/jsonassert/1.5.1/jsonassert-1.5.1.jar:/usr/local/apache-maven/apache-maven-3.9.7/repo/com/vaadin/external/google/android-json/0.0.20131108.vaadin1/android-json-0.0.20131108.vaadin1.jar:/usr/local/apache-maven/apache-maven-3.9.7/repo/org/springframework/spring-core/6.1.10/spring-core-6.1.10.jar:/usr/local/apache-maven/apache-maven-3.9.7/repo/org/springframework/spring-jcl/6.1.10/spring-jcl-6.1.10.jar:/usr/local/apache-maven/apache-maven-3.9.7/repo/org/springframework/spring-test/6.1.10/spring-test-6.1.10.jar:/usr/local/apache-maven/apache-maven-3.9.7/repo/org/xmlunit/xmlunit-core/2.9.1/xmlunit-core-2.9.1.jar:/usr/local/apache-maven/apache-maven-3.9.7/repo/com/baomidou/mybatis-plus-spring-boot3-starter/3.5.5/mybatis-plus-spring-boot3-starter-3.5.5.jar:/usr/local/apache-maven/apache-maven-3.9.7/repo/com/baomidou/mybatis-plus/3.5.5/mybatis-plus-3.5.5.jar:/usr/local/apache-maven/apache-maven-3.9.7/repo/com/baomidou/mybatis-plus-core/3.5.5/mybatis-plus-core-3.5.5.jar:/usr/local/apache-maven/apache-maven-3.9.7/repo/com/baomidou/mybatis-plus-annotation/3.5.5/mybatis-plus-annotation-3.5.5.jar:/usr/local/apache-maven/apache-maven-3.9.7/repo/com/baomidou/mybatis-plus-extension/3.5.5/mybatis-plus-extension-3.5.5.jar:/usr/local/apache-maven/apache-maven-3.9.7/repo/org/mybatis/mybatis/3.5.15/mybatis-3.5.15.jar:/usr/local/apache-maven/apache-maven-3.9.7/repo/com/github/jsqlparser/jsqlparser/4.6/jsqlparser-4.6.jar:/usr/local/apache-maven/apache-maven-3.9.7/repo/org/mybatis/mybatis-spring/3.0.3/mybatis-spring-3.0.3.jar:/usr/local/apache-maven/apache-maven-3.9.7/repo/com/baomidou/mybatis-plus-spring-boot-autoconfigure/3.5.5/mybatis-plus-spring-boot-autoconfigure-3.5.5.jar:/usr/local/apache-maven/apache-maven-3.9.7/repo/org/springframework/boot/spring-boot-autoconfigure/3.2.7/spring-boot-autoconfigure-3.2.7.jar:/usr/local/apache-maven/apache-maven-3.9.7/repo/org/springframework/boot/spring-boot-starter-jdbc/3.2.7/spring-boot-starter-jdbc-3.2.7.jar:/usr/local/apache-maven/apache-maven-3.9.7/repo/com/zaxxer/HikariCP/5.0.1/HikariCP-5.0.1.jar:/usr/local/apache-maven/apache-maven-3.9.7/repo/org/springframework/spring-jdbc/6.1.10/spring-jdbc-6.1.10.jar:/usr/local/apache-maven/apache-maven-3.9.7/repo/org/springframework/spring-tx/6.1.10/spring-tx-6.1.10.jar:/usr/local/apache-maven/apache-maven-3.9.7/repo/org/projectlombok/lombok/1.18.30/lombok-1.18.30.jar:/usr/local/apache-maven/apache-maven-3.9.7/repo/com/mysql/mysql-connector-j/8.0.33/mysql-connector-j-8.0.33.jar:"/>
    <property name="https.proxyPort" value="7890"/>
    <property name="java.vm.vendor" value="Oracle Corporation"/>
    <property name="sun.arch.data.model" value="64"/>
    <property name="java.vendor.url" value="https://java.oracle.com/"/>
    <property name="user.timezone" value="Asia/Shanghai"/>
    <property name="os.name" value="Mac OS X"/>
    <property name="java.vm.specification.version" value="17"/>
    <property name="sun.java.launcher" value="SUN_STANDARD"/>
    <property name="user.country" value="CN"/>
    <property name="sun.boot.library.path" value="/Library/Java/JavaVirtualMachines/jdk-17.jdk/Contents/Home/lib"/>
    <property name="sun.java.command" value="/Users/mac/Desktop/Java/java-projects/stu_management/target/surefire/surefirebooter-20240628142451862_3.jar /Users/mac/Desktop/Java/java-projects/stu_management/target/surefire 2024-06-28T14-24-51_743-jvmRun1 surefire-20240628142451862_1tmp surefire_0-20240628142451862_2tmp"/>
    <property name="http.nonProxyHosts" value="192.168.0.0/16|*.192.168.0.0/16|10.0.0.0/8|*.10.0.0.0/8|172.16.0.0/12|*.172.16.0.0/12|127.0.0.1|localhost|*.localhost|local|*.local|timestamp.apple.com|*.timestamp.apple.com|sequoia.apple.com|*.sequoia.apple.com|seed-sequoia.siri.apple.com|*.seed-sequoia.siri.apple.com"/>
    <property name="jdk.debug" value="release"/>
    <property name="surefire.test.class.path" value="/Users/mac/Desktop/Java/java-projects/stu_management/target/test-classes:/Users/mac/Desktop/Java/java-projects/stu_management/target/classes:/usr/local/apache-maven/apache-maven-3.9.7/repo/org/springframework/boot/spring-boot-starter-web/3.2.7/spring-boot-starter-web-3.2.7.jar:/usr/local/apache-maven/apache-maven-3.9.7/repo/org/springframework/boot/spring-boot-starter/3.2.7/spring-boot-starter-3.2.7.jar:/usr/local/apache-maven/apache-maven-3.9.7/repo/org/springframework/boot/spring-boot/3.2.7/spring-boot-3.2.7.jar:/usr/local/apache-maven/apache-maven-3.9.7/repo/org/springframework/boot/spring-boot-starter-logging/3.2.7/spring-boot-starter-logging-3.2.7.jar:/usr/local/apache-maven/apache-maven-3.9.7/repo/ch/qos/logback/logback-classic/1.4.14/logback-classic-1.4.14.jar:/usr/local/apache-maven/apache-maven-3.9.7/repo/ch/qos/logback/logback-core/1.4.14/logback-core-1.4.14.jar:/usr/local/apache-maven/apache-maven-3.9.7/repo/org/apache/logging/log4j/log4j-to-slf4j/2.21.1/log4j-to-slf4j-2.21.1.jar:/usr/local/apache-maven/apache-maven-3.9.7/repo/org/apache/logging/log4j/log4j-api/2.21.1/log4j-api-2.21.1.jar:/usr/local/apache-maven/apache-maven-3.9.7/repo/org/slf4j/jul-to-slf4j/2.0.13/jul-to-slf4j-2.0.13.jar:/usr/local/apache-maven/apache-maven-3.9.7/repo/jakarta/annotation/jakarta.annotation-api/2.1.1/jakarta.annotation-api-2.1.1.jar:/usr/local/apache-maven/apache-maven-3.9.7/repo/org/yaml/snakeyaml/2.2/snakeyaml-2.2.jar:/usr/local/apache-maven/apache-maven-3.9.7/repo/org/springframework/boot/spring-boot-starter-json/3.2.7/spring-boot-starter-json-3.2.7.jar:/usr/local/apache-maven/apache-maven-3.9.7/repo/com/fasterxml/jackson/core/jackson-databind/2.15.4/jackson-databind-2.15.4.jar:/usr/local/apache-maven/apache-maven-3.9.7/repo/com/fasterxml/jackson/core/jackson-annotations/2.15.4/jackson-annotations-2.15.4.jar:/usr/local/apache-maven/apache-maven-3.9.7/repo/com/fasterxml/jackson/core/jackson-core/2.15.4/jackson-core-2.15.4.jar:/usr/local/apache-maven/apache-maven-3.9.7/repo/com/fasterxml/jackson/datatype/jackson-datatype-jdk8/2.15.4/jackson-datatype-jdk8-2.15.4.jar:/usr/local/apache-maven/apache-maven-3.9.7/repo/com/fasterxml/jackson/datatype/jackson-datatype-jsr310/2.15.4/jackson-datatype-jsr310-2.15.4.jar:/usr/local/apache-maven/apache-maven-3.9.7/repo/com/fasterxml/jackson/module/jackson-module-parameter-names/2.15.4/jackson-module-parameter-names-2.15.4.jar:/usr/local/apache-maven/apache-maven-3.9.7/repo/org/springframework/boot/spring-boot-starter-tomcat/3.2.7/spring-boot-starter-tomcat-3.2.7.jar:/usr/local/apache-maven/apache-maven-3.9.7/repo/org/apache/tomcat/embed/tomcat-embed-core/10.1.25/tomcat-embed-core-10.1.25.jar:/usr/local/apache-maven/apache-maven-3.9.7/repo/org/apache/tomcat/embed/tomcat-embed-el/10.1.25/tomcat-embed-el-10.1.25.jar:/usr/local/apache-maven/apache-maven-3.9.7/repo/org/apache/tomcat/embed/tomcat-embed-websocket/10.1.25/tomcat-embed-websocket-10.1.25.jar:/usr/local/apache-maven/apache-maven-3.9.7/repo/org/springframework/spring-web/6.1.10/spring-web-6.1.10.jar:/usr/local/apache-maven/apache-maven-3.9.7/repo/org/springframework/spring-beans/6.1.10/spring-beans-6.1.10.jar:/usr/local/apache-maven/apache-maven-3.9.7/repo/io/micrometer/micrometer-observation/1.12.7/micrometer-observation-1.12.7.jar:/usr/local/apache-maven/apache-maven-3.9.7/repo/io/micrometer/micrometer-commons/1.12.7/micrometer-commons-1.12.7.jar:/usr/local/apache-maven/apache-maven-3.9.7/repo/org/springframework/spring-webmvc/6.1.10/spring-webmvc-6.1.10.jar:/usr/local/apache-maven/apache-maven-3.9.7/repo/org/springframework/spring-aop/6.1.10/spring-aop-6.1.10.jar:/usr/local/apache-maven/apache-maven-3.9.7/repo/org/springframework/spring-context/6.1.10/spring-context-6.1.10.jar:/usr/local/apache-maven/apache-maven-3.9.7/repo/org/springframework/spring-expression/6.1.10/spring-expression-6.1.10.jar:/usr/local/apache-maven/apache-maven-3.9.7/repo/org/springframework/boot/spring-boot-starter-test/3.2.7/spring-boot-starter-test-3.2.7.jar:/usr/local/apache-maven/apache-maven-3.9.7/repo/org/springframework/boot/spring-boot-test/3.2.7/spring-boot-test-3.2.7.jar:/usr/local/apache-maven/apache-maven-3.9.7/repo/org/springframework/boot/spring-boot-test-autoconfigure/3.2.7/spring-boot-test-autoconfigure-3.2.7.jar:/usr/local/apache-maven/apache-maven-3.9.7/repo/com/jayway/jsonpath/json-path/2.9.0/json-path-2.9.0.jar:/usr/local/apache-maven/apache-maven-3.9.7/repo/org/slf4j/slf4j-api/2.0.13/slf4j-api-2.0.13.jar:/usr/local/apache-maven/apache-maven-3.9.7/repo/jakarta/xml/bind/jakarta.xml.bind-api/4.0.2/jakarta.xml.bind-api-4.0.2.jar:/usr/local/apache-maven/apache-maven-3.9.7/repo/jakarta/activation/jakarta.activation-api/2.1.3/jakarta.activation-api-2.1.3.jar:/usr/local/apache-maven/apache-maven-3.9.7/repo/net/minidev/json-smart/2.5.1/json-smart-2.5.1.jar:/usr/local/apache-maven/apache-maven-3.9.7/repo/net/minidev/accessors-smart/2.5.1/accessors-smart-2.5.1.jar:/usr/local/apache-maven/apache-maven-3.9.7/repo/org/ow2/asm/asm/9.6/asm-9.6.jar:/usr/local/apache-maven/apache-maven-3.9.7/repo/org/assertj/assertj-core/3.24.2/assertj-core-3.24.2.jar:/usr/local/apache-maven/apache-maven-3.9.7/repo/net/bytebuddy/byte-buddy/1.14.17/byte-buddy-1.14.17.jar:/usr/local/apache-maven/apache-maven-3.9.7/repo/org/awaitility/awaitility/4.2.1/awaitility-4.2.1.jar:/usr/local/apache-maven/apache-maven-3.9.7/repo/org/hamcrest/hamcrest/2.2/hamcrest-2.2.jar:/usr/local/apache-maven/apache-maven-3.9.7/repo/org/junit/jupiter/junit-jupiter/5.10.2/junit-jupiter-5.10.2.jar:/usr/local/apache-maven/apache-maven-3.9.7/repo/org/junit/jupiter/junit-jupiter-api/5.10.2/junit-jupiter-api-5.10.2.jar:/usr/local/apache-maven/apache-maven-3.9.7/repo/org/opentest4j/opentest4j/1.3.0/opentest4j-1.3.0.jar:/usr/local/apache-maven/apache-maven-3.9.7/repo/org/junit/platform/junit-platform-commons/1.10.2/junit-platform-commons-1.10.2.jar:/usr/local/apache-maven/apache-maven-3.9.7/repo/org/apiguardian/apiguardian-api/1.1.2/apiguardian-api-1.1.2.jar:/usr/local/apache-maven/apache-maven-3.9.7/repo/org/junit/jupiter/junit-jupiter-params/5.10.2/junit-jupiter-params-5.10.2.jar:/usr/local/apache-maven/apache-maven-3.9.7/repo/org/junit/jupiter/junit-jupiter-engine/5.10.2/junit-jupiter-engine-5.10.2.jar:/usr/local/apache-maven/apache-maven-3.9.7/repo/org/junit/platform/junit-platform-engine/1.10.2/junit-platform-engine-1.10.2.jar:/usr/local/apache-maven/apache-maven-3.9.7/repo/org/mockito/mockito-core/5.7.0/mockito-core-5.7.0.jar:/usr/local/apache-maven/apache-maven-3.9.7/repo/net/bytebuddy/byte-buddy-agent/1.14.17/byte-buddy-agent-1.14.17.jar:/usr/local/apache-maven/apache-maven-3.9.7/repo/org/objenesis/objenesis/3.3/objenesis-3.3.jar:/usr/local/apache-maven/apache-maven-3.9.7/repo/org/mockito/mockito-junit-jupiter/5.7.0/mockito-junit-jupiter-5.7.0.jar:/usr/local/apache-maven/apache-maven-3.9.7/repo/org/skyscreamer/jsonassert/1.5.1/jsonassert-1.5.1.jar:/usr/local/apache-maven/apache-maven-3.9.7/repo/com/vaadin/external/google/android-json/0.0.20131108.vaadin1/android-json-0.0.20131108.vaadin1.jar:/usr/local/apache-maven/apache-maven-3.9.7/repo/org/springframework/spring-core/6.1.10/spring-core-6.1.10.jar:/usr/local/apache-maven/apache-maven-3.9.7/repo/org/springframework/spring-jcl/6.1.10/spring-jcl-6.1.10.jar:/usr/local/apache-maven/apache-maven-3.9.7/repo/org/springframework/spring-test/6.1.10/spring-test-6.1.10.jar:/usr/local/apache-maven/apache-maven-3.9.7/repo/org/xmlunit/xmlunit-core/2.9.1/xmlunit-core-2.9.1.jar:/usr/local/apache-maven/apache-maven-3.9.7/repo/com/baomidou/mybatis-plus-spring-boot3-starter/3.5.5/mybatis-plus-spring-boot3-starter-3.5.5.jar:/usr/local/apache-maven/apache-maven-3.9.7/repo/com/baomidou/mybatis-plus/3.5.5/mybatis-plus-3.5.5.jar:/usr/local/apache-maven/apache-maven-3.9.7/repo/com/baomidou/mybatis-plus-core/3.5.5/mybatis-plus-core-3.5.5.jar:/usr/local/apache-maven/apache-maven-3.9.7/repo/com/baomidou/mybatis-plus-annotation/3.5.5/mybatis-plus-annotation-3.5.5.jar:/usr/local/apache-maven/apache-maven-3.9.7/repo/com/baomidou/mybatis-plus-extension/3.5.5/mybatis-plus-extension-3.5.5.jar:/usr/local/apache-maven/apache-maven-3.9.7/repo/org/mybatis/mybatis/3.5.15/mybatis-3.5.15.jar:/usr/local/apache-maven/apache-maven-3.9.7/repo/com/github/jsqlparser/jsqlparser/4.6/jsqlparser-4.6.jar:/usr/local/apache-maven/apache-maven-3.9.7/repo/org/mybatis/mybatis-spring/3.0.3/mybatis-spring-3.0.3.jar:/usr/local/apache-maven/apache-maven-3.9.7/repo/com/baomidou/mybatis-plus-spring-boot-autoconfigure/3.5.5/mybatis-plus-spring-boot-autoconfigure-3.5.5.jar:/usr/local/apache-maven/apache-maven-3.9.7/repo/org/springframework/boot/spring-boot-autoconfigure/3.2.7/spring-boot-autoconfigure-3.2.7.jar:/usr/local/apache-maven/apache-maven-3.9.7/repo/org/springframework/boot/spring-boot-starter-jdbc/3.2.7/spring-boot-starter-jdbc-3.2.7.jar:/usr/local/apache-maven/apache-maven-3.9.7/repo/com/zaxxer/HikariCP/5.0.1/HikariCP-5.0.1.jar:/usr/local/apache-maven/apache-maven-3.9.7/repo/org/springframework/spring-jdbc/6.1.10/spring-jdbc-6.1.10.jar:/usr/local/apache-maven/apache-maven-3.9.7/repo/org/springframework/spring-tx/6.1.10/spring-tx-6.1.10.jar:/usr/local/apache-maven/apache-maven-3.9.7/repo/org/projectlombok/lombok/1.18.30/lombok-1.18.30.jar:/usr/local/apache-maven/apache-maven-3.9.7/repo/com/mysql/mysql-connector-j/8.0.33/mysql-connector-j-8.0.33.jar:"/>
    <property name="sun.cpu.endian" value="little"/>
    <property name="user.home" value="/Users/mac"/>
    <property name="user.language" value="zh"/>
    <property name="java.specification.vendor" value="Oracle Corporation"/>
    <property name="java.version.date" value="2024-04-16"/>
    <property name="java.home" value="/Library/Java/JavaVirtualMachines/jdk-17.jdk/Contents/Home"/>
    <property name="file.separator" value="/"/>
    <property name="https.proxyHost" value="127.0.0.1"/>
    <property name="basedir" value="/Users/mac/Desktop/Java/java-projects/stu_management"/>
    <property name="java.vm.compressedOopsMode" value="Zero based"/>
    <property name="line.separator" value="&#10;"/>
    <property name="java.vm.specification.vendor" value="Oracle Corporation"/>
    <property name="java.specification.name" value="Java Platform API Specification"/>
    <property name="FILE_LOG_CHARSET" value="UTF-8"/>
    <property name="java.awt.headless" value="true"/>
    <property name="surefire.real.class.path" value="/Users/mac/Desktop/Java/java-projects/stu_management/target/surefire/surefirebooter-20240628142451862_3.jar"/>
    <property name="user.script" value="Hans"/>
    <property name="sun.management.compiler" value="HotSpot 64-Bit Tiered Compilers"/>
    <property name="ftp.nonProxyHosts" value="192.168.0.0/16|*.192.168.0.0/16|10.0.0.0/8|*.10.0.0.0/8|172.16.0.0/12|*.172.16.0.0/12|127.0.0.1|localhost|*.localhost|local|*.local|timestamp.apple.com|*.timestamp.apple.com|sequoia.apple.com|*.sequoia.apple.com|seed-sequoia.siri.apple.com|*.seed-sequoia.siri.apple.com"/>
    <property name="java.runtime.version" value="17.0.11+7-LTS-207"/>
    <property name="user.name" value="mac"/>
    <property name="path.separator" value=":"/>
    <property name="os.version" value="13.1"/>
    <property name="java.runtime.name" value="Java(TM) SE Runtime Environment"/>
    <property name="file.encoding" value="UTF-8"/>
    <property name="java.vm.name" value="Java HotSpot(TM) 64-Bit Server VM"/>
    <property name="localRepository" value="/usr/local/apache-maven/apache-maven-3.9.7/repo"/>
    <property name="java.vendor.url.bug" value="https://bugreport.java.com/bugreport/"/>
    <property name="java.io.tmpdir" value="/var/folders/9f/013gwgr54dn6x9r02vtqpbzm0000gn/T/"/>
    <property name="java.version" value="17.0.11"/>
    <property name="user.dir" value="/Users/mac/Desktop/Java/java-projects/stu_management"/>
    <property name="os.arch" value="x86_64"/>
    <property name="socksProxyPort" value="7890"/>
    <property name="java.vm.specification.name" value="Java Virtual Machine Specification"/>
    <property name="PID" value="19012"/>
    <property name="CONSOLE_LOG_CHARSET" value="UTF-8"/>
    <property name="native.encoding" value="UTF-8"/>
    <property name="java.library.path" value="/Users/mac/Library/Java/Extensions:/Library/Java/Extensions:/Network/Library/Java/Extensions:/System/Library/Java/Extensions:/usr/lib/java:."/>
    <property name="java.vm.info" value="mixed mode, sharing"/>
    <property name="java.vendor" value="Oracle Corporation"/>
    <property name="java.vm.version" value="17.0.11+7-LTS-207"/>
    <property name="sun.io.unicode.encoding" value="UnicodeBig"/>
    <property name="socksNonProxyHosts" value="192.168.0.0/16|*.192.168.0.0/16|10.0.0.0/8|*.10.0.0.0/8|172.16.0.0/12|*.172.16.0.0/12|127.0.0.1|localhost|*.localhost|local|*.local|timestamp.apple.com|*.timestamp.apple.com|sequoia.apple.com|*.sequoia.apple.com|seed-sequoia.siri.apple.com|*.seed-sequoia.siri.apple.com"/>
    <property name="java.class.version" value="61.0"/>
    <property name="LOGGED_APPLICATION_NAME" value="[stu_management] "/>
    <property name="http.proxyPort" value="7890"/>
  </properties>
  <testcase name="contextLoads" classname="com.stu_management.StuManagementApplicationTests" time="1.041">
    <system-out><![CDATA[14:24:53.101 [main] INFO org.springframework.test.context.support.AnnotationConfigContextLoaderUtils -- Could not detect default configuration classes for test class [com.stu_management.StuManagementApplicationTests]: StuManagementApplicationTests does not declare any static, non-private, non-final, nested classes annotated with @Configuration.
14:24:53.251 [main] INFO org.springframework.boot.test.context.SpringBootTestContextBootstrapper -- Found @SpringBootConfiguration com.stu_management.StuManagementApplication for test class com.stu_management.StuManagementApplicationTests

  .   ____          _            __ _ _
 /\\ / ___'_ __ _ _(_)_ __  __ _ \ \ \ \
( ( )\___ | '_ | '_| | '_ \/ _` | \ \ \ \
 \\/  ___)| |_)| | | | | || (_| |  ) ) ) )
  '  |____| .__|_| |_|_| |_\__, | / / / /
 =========|_|==============|___/=/_/_/_/
 :: Spring Boot ::                (v3.2.7)

2024-06-28T14:24:53.855+08:00  INFO 19012 --- [stu_management] [           main] c.s.StuManagementApplicationTests        : Starting StuManagementApplicationTests using Java 17.0.11 with PID 19012 (started by mac in /Users/mac/Desktop/Java/java-projects/stu_management)
2024-06-28T14:24:53.858+08:00  INFO 19012 --- [stu_management] [           main] c.s.StuManagementApplicationTests        : No active profile set, falling back to 1 default profile: "default"
 _ _   |_  _ _|_. ___ _ |    _ 
| | |\/|_)(_| | |_\  |_)||_|_\ 
     /               |         
                        3.5.5 
2024-06-28T14:24:55.430+08:00  WARN 19012 --- [stu_management] [           main] c.b.m.core.metadata.TableInfoHelper      : This primary key of "id" is primitive !不建议如此请使用包装类 in Class: "com.stu_management.entity.User"
2024-06-28T14:24:56.247+08:00  INFO 19012 --- [stu_management] [           main] c.s.StuManagementApplicationTests        : Started StuManagementApplicationTests in 2.772 seconds (process running for 4.25)
]]></system-out>
  </testcase>
</testsuite>